# JRE version: OpenJDK Runtime Environment (21.0.5) (build 21.0.5+-12932927-b750.29)
# Java VM: OpenJDK 64-Bit Server VM (21.0.5+-12932927-b750.29, mixed mode, tiered, compressed oops, compressed class ptrs, g1 gc, windows-amd64)
GC Precious Log:
 CardTable entry size: 512
 Card Set container configuration: InlinePtr #cards 5 size 8 Array Of Cards #cards 12 size 40 Howl #buckets 4 coarsen threshold 1843 Howl Bitmap #cards 512 size 80 coarsen threshold 460 Card regions per heap region 1 cards per card region 2048
 CPUs: 12 total, 12 available
 Memory: 16309M
 Large Page Support: Disabled
 NUMA Support: Disabled
 Compressed Oops: Enabled (32-bit)
 Heap Region Size: 1M
 Heap Min Capacity: 8M
 Heap Initial Capacity: 256M
 Heap Max Capacity: 2G
 Pre-touch: Disabled
 Parallel Workers: 10
 Concurrent Workers: 3
 Concurrent Refinement Workers: 10
 Periodic GC: Disabled
Heap:
 garbage-first heap   total 358400K, used 220196K [0x0000000080000000, 0x0000000100000000)
  region size 1024K, 2 young (2048K), 2 survivors (2048K)
 Metaspace       used 120672K, committed 122816K, reserved 1179648K
  class space    used 16739K, committed 17792K, reserved 1048576K
GC Heap History (20 events):
Event: 7.092 GC heap after
{Heap after GC invocations=41 (full 0):
 garbage-first heap   total 193536K, used 129391K [0x0000000080000000, 0x0000000100000000)
  region size 1024K, 7 young (7168K), 7 survivors (7168K)
 Metaspace       used 108558K, committed 110784K, reserved 1179648K
  class space    used 14923K, committed 16064K, reserved 1048576K
}
Event: 7.241 GC heap before
{Heap before GC invocations=41 (full 0):
 garbage-first heap   total 193536K, used 176495K [0x0000000080000000, 0x0000000100000000)
  region size 1024K, 51 young (52224K), 7 survivors (7168K)
 Metaspace       used 108826K, committed 111040K, reserved 1179648K
  class space    used 14963K, committed 16064K, reserved 1048576K
}
Event: 7.252 GC heap after
{Heap after GC invocations=42 (full 0):
 garbage-first heap   total 201728K, used 145936K [0x0000000080000000, 0x0000000100000000)
  region size 1024K, 7 young (7168K), 7 survivors (7168K)
 Metaspace       used 108826K, committed 111040K, reserved 1179648K
  class space    used 14963K, committed 16064K, reserved 1048576K
}
Event: 7.368 GC heap before
{Heap before GC invocations=42 (full 0):
 garbage-first heap   total 201728K, used 178704K [0x0000000080000000, 0x0000000100000000)
  region size 1024K, 40 young (40960K), 7 survivors (7168K)
 Metaspace       used 111659K, committed 113856K, reserved 1179648K
  class space    used 15547K, committed 16640K, reserved 1048576K
}
Event: 7.377 GC heap after
{Heap after GC invocations=43 (full 0):
 garbage-first heap   total 267264K, used 156862K [0x0000000080000000, 0x0000000100000000)
  region size 1024K, 5 young (5120K), 5 survivors (5120K)
 Metaspace       used 111659K, committed 113856K, reserved 1179648K
  class space    used 15547K, committed 16640K, reserved 1048576K
}
Event: 7.495 GC heap before
{Heap before GC invocations=44 (full 0):
 garbage-first heap   total 267264K, used 219326K [0x0000000080000000, 0x0000000100000000)
  region size 1024K, 67 young (68608K), 5 survivors (5120K)
 Metaspace       used 111725K, committed 113920K, reserved 1179648K
  class space    used 15549K, committed 16640K, reserved 1048576K
}
Event: 7.512 GC heap after
{Heap after GC invocations=45 (full 0):
 garbage-first heap   total 267264K, used 190314K [0x0000000080000000, 0x0000000100000000)
  region size 1024K, 9 young (9216K), 9 survivors (9216K)
 Metaspace       used 111725K, committed 113920K, reserved 1179648K
  class space    used 15549K, committed 16640K, reserved 1048576K
}
Event: 7.689 GC heap before
{Heap before GC invocations=45 (full 0):
 garbage-first heap   total 267264K, used 229226K [0x0000000080000000, 0x0000000100000000)
  region size 1024K, 48 young (49152K), 9 survivors (9216K)
 Metaspace       used 114064K, committed 116224K, reserved 1179648K
  class space    used 15870K, committed 16960K, reserved 1048576K
}
Event: 7.699 GC heap after
{Heap after GC invocations=46 (full 0):
 garbage-first heap   total 267264K, used 201628K [0x0000000080000000, 0x0000000100000000)
  region size 1024K, 6 young (6144K), 6 survivors (6144K)
 Metaspace       used 114064K, committed 116224K, reserved 1179648K
  class space    used 15870K, committed 16960K, reserved 1048576K
}
Event: 7.900 GC heap before
{Heap before GC invocations=46 (full 0):
 garbage-first heap   total 267264K, used 235420K [0x0000000080000000, 0x0000000100000000)
  region size 1024K, 39 young (39936K), 6 survivors (6144K)
 Metaspace       used 116092K, committed 118272K, reserved 1179648K
  class space    used 16167K, committed 17280K, reserved 1048576K
}
Event: 7.904 GC heap after
{Heap after GC invocations=47 (full 0):
 garbage-first heap   total 267264K, used 206314K [0x0000000080000000, 0x0000000100000000)
  region size 1024K, 4 young (4096K), 4 survivors (4096K)
 Metaspace       used 116092K, committed 118272K, reserved 1179648K
  class space    used 16167K, committed 17280K, reserved 1048576K
}
Event: 8.119 GC heap before
{Heap before GC invocations=48 (full 0):
 garbage-first heap   total 326656K, used 226794K [0x0000000080000000, 0x0000000100000000)
  region size 1024K, 37 young (37888K), 4 survivors (4096K)
 Metaspace       used 116705K, committed 118912K, reserved 1179648K
  class space    used 16248K, committed 17344K, reserved 1048576K
}
Event: 8.123 GC heap after
{Heap after GC invocations=49 (full 0):
 garbage-first heap   total 326656K, used 197632K [0x0000000080000000, 0x0000000100000000)
  region size 1024K, 5 young (5120K), 5 survivors (5120K)
 Metaspace       used 116705K, committed 118912K, reserved 1179648K
  class space    used 16248K, committed 17344K, reserved 1048576K
}
Event: 8.841 GC heap before
{Heap before GC invocations=49 (full 0):
 garbage-first heap   total 326656K, used 283648K [0x0000000080000000, 0x0000000100000000)
  region size 1024K, 78 young (79872K), 5 survivors (5120K)
 Metaspace       used 117895K, committed 120128K, reserved 1179648K
  class space    used 16409K, committed 17536K, reserved 1048576K
}
Event: 8.851 GC heap after
{Heap after GC invocations=50 (full 0):
 garbage-first heap   total 326656K, used 208080K [0x0000000080000000, 0x0000000100000000)
  region size 1024K, 9 young (9216K), 9 survivors (9216K)
 Metaspace       used 117895K, committed 120128K, reserved 1179648K
  class space    used 16409K, committed 17536K, reserved 1048576K
}
Event: 8.965 GC heap before
{Heap before GC invocations=50 (full 0):
 garbage-first heap   total 326656K, used 215248K [0x0000000080000000, 0x0000000100000000)
  region size 1024K, 18 young (18432K), 9 survivors (9216K)
 Metaspace       used 117899K, committed 120128K, reserved 1179648K
  class space    used 16409K, committed 17536K, reserved 1048576K
}
Event: 8.970 GC heap after
{Heap after GC invocations=51 (full 0):
 garbage-first heap   total 326656K, used 209132K [0x0000000080000000, 0x0000000100000000)
  region size 1024K, 5 young (5120K), 5 survivors (5120K)
 Metaspace       used 117899K, committed 120128K, reserved 1179648K
  class space    used 16409K, committed 17536K, reserved 1048576K
}
Event: 9.390 GC heap before
{Heap before GC invocations=52 (full 0):
 garbage-first heap   total 353280K, used 305388K [0x0000000080000000, 0x0000000100000000)
  region size 1024K, 91 young (93184K), 5 survivors (5120K)
 Metaspace       used 118326K, committed 120576K, reserved 1179648K
  class space    used 16448K, committed 17600K, reserved 1048576K
}
Event: 9.400 GC heap after
{Heap after GC invocations=53 (full 0):
 garbage-first heap   total 353280K, used 234948K [0x0000000080000000, 0x0000000100000000)
  region size 1024K, 12 young (12288K), 12 survivors (12288K)
 Metaspace       used 118326K, committed 120576K, reserved 1179648K
  class space    used 16448K, committed 17600K, reserved 1048576K
}
Event: 9.941 GC heap before
{Heap before GC invocations=53 (full 0):
 garbage-first heap   total 353280K, used 347588K [0x0000000080000000, 0x0000000100000000)
  region size 1024K, 92 young (94208K), 12 survivors (12288K)
 Metaspace       used 120672K, committed 122816K, reserved 1179648K
  class space    used 16739K, committed 17792K, reserved 1048576K
}

