# JRE version: OpenJDK Runtime Environment (21.0.5) (build 21.0.5+-12932927-b750.29)
# Java VM: OpenJDK 64-Bit Server VM (21.0.5+-12932927-b750.29, mixed mode, tiered, compressed oops, compressed class ptrs, g1 gc, windows-amd64)
GC Precious Log:
 CardTable entry size: 512
 Card Set container configuration: InlinePtr #cards 5 size 8 Array Of Cards #cards 12 size 40 Howl #buckets 4 coarsen threshold 1843 Howl Bitmap #cards 512 size 80 coarsen threshold 460 Card regions per heap region 1 cards per card region 2048
 CPUs: 12 total, 12 available
 Memory: 16309M
 Large Page Support: Disabled
 NUMA Support: Disabled
 Compressed Oops: Enabled (32-bit)
 Heap Region Size: 1M
 Heap Min Capacity: 8M
 Heap Initial Capacity: 256M
 Heap Max Capacity: 2G
 Pre-touch: Disabled
 Parallel Workers: 10
 Concurrent Workers: 3
 Concurrent Refinement Workers: 10
 Periodic GC: Disabled
Heap:
 garbage-first heap   total 335872K, used 233472K [0x0000000080000000, 0x0000000100000000)
  region size 1024K, 8 young (8192K), 8 survivors (8192K)
 Metaspace       used 130235K, committed 132544K, reserved 1179648K
  class space    used 17605K, committed 18752K, reserved 1048576K
GC Heap History (20 events):
Event: 8.254 GC heap after
{Heap after GC invocations=41 (full 0):
 garbage-first heap   total 211968K, used 127643K [0x0000000080000000, 0x0000000100000000)
  region size 1024K, 5 young (5120K), 5 survivors (5120K)
 Metaspace       used 105556K, committed 107712K, reserved 1179648K
  class space    used 14375K, committed 15488K, reserved 1048576K
}
Event: 8.452 GC heap before
{Heap before GC invocations=42 (full 0):
 garbage-first heap   total 239616K, used 193179K [0x0000000080000000, 0x0000000100000000)
  region size 1024K, 55 young (56320K), 5 survivors (5120K)
 Metaspace       used 107914K, committed 110080K, reserved 1179648K
  class space    used 14528K, committed 15616K, reserved 1048576K
}
Event: 8.459 GC heap after
{Heap after GC invocations=43 (full 0):
 garbage-first heap   total 239616K, used 135760K [0x0000000080000000, 0x0000000100000000)
  region size 1024K, 7 young (7168K), 7 survivors (7168K)
 Metaspace       used 107914K, committed 110080K, reserved 1179648K
  class space    used 14528K, committed 15616K, reserved 1048576K
}
Event: 8.654 GC heap before
{Heap before GC invocations=43 (full 0):
 garbage-first heap   total 239616K, used 203344K [0x0000000080000000, 0x0000000100000000)
  region size 1024K, 74 young (75776K), 7 survivors (7168K)
 Metaspace       used 109973K, committed 112192K, reserved 1179648K
  class space    used 14772K, committed 15872K, reserved 1048576K
}
Event: 8.658 GC heap after
{Heap after GC invocations=44 (full 0):
 garbage-first heap   total 239616K, used 138701K [0x0000000080000000, 0x0000000100000000)
  region size 1024K, 4 young (4096K), 4 survivors (4096K)
 Metaspace       used 109973K, committed 112192K, reserved 1179648K
  class space    used 14772K, committed 15872K, reserved 1048576K
}
Event: 8.860 GC heap before
{Heap before GC invocations=44 (full 0):
 garbage-first heap   total 239616K, used 207309K [0x0000000080000000, 0x0000000100000000)
  region size 1024K, 72 young (73728K), 4 survivors (4096K)
 Metaspace       used 111315K, committed 113472K, reserved 1179648K
  class space    used 14919K, committed 16000K, reserved 1048576K
}
Event: 8.866 GC heap after
{Heap after GC invocations=45 (full 0):
 garbage-first heap   total 239616K, used 144739K [0x0000000080000000, 0x0000000100000000)
  region size 1024K, 9 young (9216K), 9 survivors (9216K)
 Metaspace       used 111315K, committed 113472K, reserved 1179648K
  class space    used 14919K, committed 16000K, reserved 1048576K
}
Event: 9.224 GC heap before
{Heap before GC invocations=45 (full 0):
 garbage-first heap   total 239616K, used 210275K [0x0000000080000000, 0x0000000100000000)
  region size 1024K, 74 young (75776K), 9 survivors (9216K)
 Metaspace       used 113565K, committed 115840K, reserved 1179648K
  class space    used 15188K, committed 16320K, reserved 1048576K
}
Event: 9.229 GC heap after
{Heap after GC invocations=46 (full 0):
 garbage-first heap   total 239616K, used 147202K [0x0000000080000000, 0x0000000100000000)
  region size 1024K, 6 young (6144K), 6 survivors (6144K)
 Metaspace       used 113565K, committed 115840K, reserved 1179648K
  class space    used 15188K, committed 16320K, reserved 1048576K
}
Event: 9.462 GC heap before
{Heap before GC invocations=47 (full 0):
 garbage-first heap   total 239616K, used 198402K [0x0000000080000000, 0x0000000100000000)
  region size 1024K, 71 young (72704K), 6 survivors (6144K)
 Metaspace       used 114662K, committed 116928K, reserved 1179648K
  class space    used 15330K, committed 16448K, reserved 1048576K
}
Event: 9.466 GC heap after
{Heap after GC invocations=48 (full 0):
 garbage-first heap   total 239616K, used 137197K [0x0000000080000000, 0x0000000100000000)
  region size 1024K, 6 young (6144K), 6 survivors (6144K)
 Metaspace       used 114662K, committed 116928K, reserved 1179648K
  class space    used 15330K, committed 16448K, reserved 1048576K
}
Event: 9.719 GC heap before
{Heap before GC invocations=48 (full 0):
 garbage-first heap   total 239616K, used 227309K [0x0000000080000000, 0x0000000100000000)
  region size 1024K, 83 young (84992K), 6 survivors (6144K)
 Metaspace       used 119016K, committed 121216K, reserved 1179648K
  class space    used 15883K, committed 16960K, reserved 1048576K
}
Event: 9.726 GC heap after
{Heap after GC invocations=49 (full 0):
 garbage-first heap   total 293888K, used 155276K [0x0000000080000000, 0x0000000100000000)
  region size 1024K, 11 young (11264K), 11 survivors (11264K)
 Metaspace       used 119016K, committed 121216K, reserved 1179648K
  class space    used 15883K, committed 16960K, reserved 1048576K
}
Event: 10.060 GC heap before
{Heap before GC invocations=49 (full 0):
 garbage-first heap   total 293888K, used 287372K [0x0000000080000000, 0x0000000100000000)
  region size 1024K, 109 young (111616K), 11 survivors (11264K)
 Metaspace       used 121870K, committed 124032K, reserved 1179648K
  class space    used 16263K, committed 17344K, reserved 1048576K
}
Event: 10.073 GC heap after
{Heap after GC invocations=50 (full 0):
 garbage-first heap   total 313344K, used 155618K [0x0000000080000000, 0x0000000100000000)
  region size 1024K, 14 young (14336K), 14 survivors (14336K)
 Metaspace       used 121870K, committed 124032K, reserved 1179648K
  class space    used 16263K, committed 17344K, reserved 1048576K
}
Event: 10.401 GC heap before
{Heap before GC invocations=50 (full 0):
 garbage-first heap   total 313344K, used 273378K [0x0000000080000000, 0x0000000100000000)
  region size 1024K, 128 young (131072K), 14 survivors (14336K)
 Metaspace       used 124863K, committed 127104K, reserved 1179648K
  class space    used 16866K, committed 17984K, reserved 1048576K
}
Event: 10.436 GC heap after
{Heap after GC invocations=51 (full 0):
 garbage-first heap   total 335872K, used 204800K [0x0000000080000000, 0x0000000100000000)
  region size 1024K, 16 young (16384K), 16 survivors (16384K)
 Metaspace       used 124863K, committed 127104K, reserved 1179648K
  class space    used 16866K, committed 17984K, reserved 1048576K
}
Event: 10.902 GC heap before
{Heap before GC invocations=51 (full 0):
 garbage-first heap   total 335872K, used 280576K [0x0000000080000000, 0x0000000100000000)
  region size 1024K, 91 young (93184K), 16 survivors (16384K)
 Metaspace       used 129116K, committed 131392K, reserved 1179648K
  class space    used 17465K, committed 18624K, reserved 1048576K
}
Event: 10.920 GC heap after
{Heap after GC invocations=52 (full 0):
 garbage-first heap   total 335872K, used 223744K [0x0000000080000000, 0x0000000100000000)
  region size 1024K, 12 young (12288K), 12 survivors (12288K)
 Metaspace       used 129116K, committed 131392K, reserved 1179648K
  class space    used 17465K, committed 18624K, reserved 1048576K
}
Event: 11.321 GC heap before
{Heap before GC invocations=52 (full 0):
 garbage-first heap   total 335872K, used 288256K [0x0000000080000000, 0x0000000100000000)
  region size 1024K, 75 young (76800K), 12 survivors (12288K)
 Metaspace       used 130235K, committed 132544K, reserved 1179648K
  class space    used 17605K, committed 18752K, reserved 1048576K
}

