# JRE version: OpenJDK Runtime Environment (21.0.5) (build 21.0.5+-12932927-b750.29)
# Java VM: OpenJDK 64-Bit Server VM (21.0.5+-12932927-b750.29, mixed mode, tiered, compressed oops, compressed class ptrs, g1 gc, windows-amd64)
GC Precious Log:
 CardTable entry size: 512
 Card Set container configuration: InlinePtr #cards 5 size 8 Array Of Cards #cards 12 size 40 Howl #buckets 4 coarsen threshold 1843 Howl Bitmap #cards 512 size 80 coarsen threshold 460 Card regions per heap region 1 cards per card region 2048
 CPUs: 12 total, 12 available
 Memory: 16309M
 Large Page Support: Disabled
 NUMA Support: Disabled
 Compressed Oops: Enabled (32-bit)
 Heap Region Size: 1M
 Heap Min Capacity: 8M
 Heap Initial Capacity: 256M
 Heap Max Capacity: 2G
 Pre-touch: Disabled
 Parallel Workers: 10
 Concurrent Workers: 3
 Concurrent Refinement Workers: 10
 Periodic GC: Disabled
Heap:
 garbage-first heap   total 270336K, used 201331K [0x0000000080000000, 0x0000000100000000)
  region size 1024K, 4 young (4096K), 4 survivors (4096K)
 Metaspace       used 111911K, committed 114112K, reserved 1179648K
  class space    used 15567K, committed 16704K, reserved 1048576K
GC Heap History (20 events):
Event: 6.607 GC heap after
{Heap after GC invocations=35 (full 0):
 garbage-first heap   total 162816K, used 89635K [0x0000000080000000, 0x0000000100000000)
  region size 1024K, 6 young (6144K), 6 survivors (6144K)
 Metaspace       used 102200K, committed 104320K, reserved 1179648K
  class space    used 14158K, committed 15232K, reserved 1048576K
}
Event: 6.793 GC heap before
{Heap before GC invocations=36 (full 0):
 garbage-first heap   total 162816K, used 150051K [0x0000000080000000, 0x0000000100000000)
  region size 1024K, 61 young (62464K), 6 survivors (6144K)
 Metaspace       used 104035K, committed 106240K, reserved 1179648K
  class space    used 14308K, committed 15424K, reserved 1048576K
}
Event: 6.796 GC heap after
{Heap after GC invocations=37 (full 0):
 garbage-first heap   total 162816K, used 93372K [0x0000000080000000, 0x0000000100000000)
  region size 1024K, 6 young (6144K), 6 survivors (6144K)
 Metaspace       used 104035K, committed 106240K, reserved 1179648K
  class space    used 14308K, committed 15424K, reserved 1048576K
}
Event: 6.917 GC heap before
{Heap before GC invocations=37 (full 0):
 garbage-first heap   total 162816K, used 149692K [0x0000000080000000, 0x0000000100000000)
  region size 1024K, 58 young (59392K), 6 survivors (6144K)
 Metaspace       used 105075K, committed 107200K, reserved 1179648K
  class space    used 14431K, committed 15488K, reserved 1048576K
}
Event: 6.921 GC heap after
{Heap after GC invocations=38 (full 0):
 garbage-first heap   total 162816K, used 99710K [0x0000000080000000, 0x0000000100000000)
  region size 1024K, 6 young (6144K), 6 survivors (6144K)
 Metaspace       used 105075K, committed 107200K, reserved 1179648K
  class space    used 14431K, committed 15488K, reserved 1048576K
}
Event: 6.924 GC heap before
{Heap before GC invocations=38 (full 0):
 garbage-first heap   total 162816K, used 100734K [0x0000000080000000, 0x0000000100000000)
  region size 1024K, 8 young (8192K), 6 survivors (6144K)
 Metaspace       used 105075K, committed 107200K, reserved 1179648K
  class space    used 14431K, committed 15488K, reserved 1048576K
}
Event: 6.927 GC heap after
{Heap after GC invocations=39 (full 0):
 garbage-first heap   total 162816K, used 102012K [0x0000000080000000, 0x0000000100000000)
  region size 1024K, 2 young (2048K), 2 survivors (2048K)
 Metaspace       used 105075K, committed 107200K, reserved 1179648K
  class space    used 14431K, committed 15488K, reserved 1048576K
}
Event: 7.111 GC heap before
{Heap before GC invocations=40 (full 0):
 garbage-first heap   total 184320K, used 143996K [0x0000000080000000, 0x0000000100000000)
  region size 1024K, 29 young (29696K), 2 survivors (2048K)
 Metaspace       used 108495K, committed 110720K, reserved 1179648K
  class space    used 14919K, committed 16064K, reserved 1048576K
}
Event: 7.113 GC heap after
{Heap after GC invocations=41 (full 0):
 garbage-first heap   total 184320K, used 115143K [0x0000000080000000, 0x0000000100000000)
  region size 1024K, 4 young (4096K), 4 survivors (4096K)
 Metaspace       used 108495K, committed 110720K, reserved 1179648K
  class space    used 14919K, committed 16064K, reserved 1048576K
}
Event: 7.228 GC heap before
{Heap before GC invocations=41 (full 0):
 garbage-first heap   total 184320K, used 171463K [0x0000000080000000, 0x0000000100000000)
  region size 1024K, 37 young (37888K), 4 survivors (4096K)
 Metaspace       used 108821K, committed 111104K, reserved 1179648K
  class space    used 14961K, committed 16128K, reserved 1048576K
}
Event: 7.234 GC heap after
{Heap after GC invocations=42 (full 0):
 garbage-first heap   total 227328K, used 134144K [0x0000000080000000, 0x0000000100000000)
  region size 1024K, 5 young (5120K), 5 survivors (5120K)
 Metaspace       used 108821K, committed 111104K, reserved 1179648K
  class space    used 14961K, committed 16128K, reserved 1048576K
}
Event: 7.259 GC heap before
{Heap before GC invocations=42 (full 0):
 garbage-first heap   total 227328K, used 142336K [0x0000000080000000, 0x0000000100000000)
  region size 1024K, 14 young (14336K), 5 survivors (5120K)
 Metaspace       used 108822K, committed 111104K, reserved 1179648K
  class space    used 14961K, committed 16128K, reserved 1048576K
}
Event: 7.263 GC heap after
{Heap after GC invocations=43 (full 0):
 garbage-first heap   total 227328K, used 138352K [0x0000000080000000, 0x0000000100000000)
  region size 1024K, 4 young (4096K), 4 survivors (4096K)
 Metaspace       used 108822K, committed 111104K, reserved 1179648K
  class space    used 14961K, committed 16128K, reserved 1048576K
}
Event: 7.423 GC heap before
{Heap before GC invocations=44 (full 0):
 garbage-first heap   total 235520K, used 184432K [0x0000000080000000, 0x0000000100000000)
  region size 1024K, 48 young (49152K), 4 survivors (4096K)
 Metaspace       used 111489K, committed 113664K, reserved 1179648K
  class space    used 15525K, committed 16640K, reserved 1048576K
}
Event: 7.433 GC heap after
{Heap after GC invocations=45 (full 0):
 garbage-first heap   total 235520K, used 155138K [0x0000000080000000, 0x0000000100000000)
  region size 1024K, 6 young (6144K), 6 survivors (6144K)
 Metaspace       used 111489K, committed 113664K, reserved 1179648K
  class space    used 15525K, committed 16640K, reserved 1048576K
}
Event: 7.487 GC heap before
{Heap before GC invocations=45 (full 0):
 garbage-first heap   total 235520K, used 195074K [0x0000000080000000, 0x0000000100000000)
  region size 1024K, 46 young (47104K), 6 survivors (6144K)
 Metaspace       used 111588K, committed 113792K, reserved 1179648K
  class space    used 15530K, committed 16640K, reserved 1048576K
}
Event: 7.501 GC heap after
{Heap after GC invocations=46 (full 0):
 garbage-first heap   total 235520K, used 175482K [0x0000000080000000, 0x0000000100000000)
  region size 1024K, 6 young (6144K), 6 survivors (6144K)
 Metaspace       used 111588K, committed 113792K, reserved 1179648K
  class space    used 15530K, committed 16640K, reserved 1048576K
}
Event: 7.536 GC heap before
{Heap before GC invocations=46 (full 0):
 garbage-first heap   total 235520K, used 203130K [0x0000000080000000, 0x0000000100000000)
  region size 1024K, 34 young (34816K), 6 survivors (6144K)
 Metaspace       used 111608K, committed 113792K, reserved 1179648K
  class space    used 15531K, committed 16640K, reserved 1048576K
}
Event: 7.546 GC heap after
{Heap after GC invocations=47 (full 0):
 garbage-first heap   total 235520K, used 190825K [0x0000000080000000, 0x0000000100000000)
  region size 1024K, 5 young (5120K), 5 survivors (5120K)
 Metaspace       used 111608K, committed 113792K, reserved 1179648K
  class space    used 15531K, committed 16640K, reserved 1048576K
}
Event: 7.605 GC heap before
{Heap before GC invocations=47 (full 0):
 garbage-first heap   total 235520K, used 210281K [0x0000000080000000, 0x0000000100000000)
  region size 1024K, 25 young (25600K), 5 survivors (5120K)
 Metaspace       used 111911K, committed 114112K, reserved 1179648K
  class space    used 15567K, committed 16704K, reserved 1048576K
}

